<?xml version="1.0" encoding="UTF-8"?>
<!-- Generated by org.testng.reporters.JUnitReportReporter -->
<testsuite skipped="0" hostname="DESKTOP-IB0CL6L" name="week4.day1.CreateLeadJunit" tests="1" failures="0" timestamp="02 Apr 2018 13:14:40 GMT" time="62.861" errors="0">
  <testcase name="createLead" time="62.861" classname="week4.day1.CreateLeadJunit"/>
</testsuite> <!-- week4.day1.CreateLeadJunit -->
