<?xml version="1.0" encoding="UTF-8"?>
<!-- Generated by org.testng.reporters.JUnitReportReporter -->
<testsuite skipped="0" hostname="DESKTOP-IB0CL6L" name="week4.day2.CreateLeadJunit" tests="1" failures="0" timestamp="01 Apr 2018 05:55:30 GMT" time="40.528" errors="0">
  <testcase name="createLead" time="40.528" classname="week4.day2.CreateLeadJunit"/>
</testsuite> <!-- week4.day2.CreateLeadJunit -->
