<?xml version="1.0" encoding="UTF-8"?>
<!-- Generated by org.testng.reporters.JUnitReportReporter -->
<testsuite skipped="0" hostname="DESKTOP-IB0CL6L" name="week5.day1.CreateLeadJunit" tests="2" failures="0" timestamp="07 Apr 2018 06:58:47 GMT" time="71.671" errors="0">
  <testcase name="createLead" time="32.313" classname="week5.day1.CreateLeadJunit"/>
  <testcase name="createLead" time="39.358" classname="week5.day1.CreateLeadJunit"/>
</testsuite> <!-- week5.day1.CreateLeadJunit -->
