<?xml version="1.0" encoding="UTF-8"?>
<!-- Generated by org.testng.reporters.JUnitReportReporter -->
<testsuite skipped="0" hostname="DESKTOP-IB0CL6L" name="week3.day1.CreateLeadJunit" tests="1" failures="0" timestamp="31 Mar 2018 05:55:24 GMT" time="45.387" errors="0">
  <testcase name="createLead" time="45.387" classname="week3.day1.CreateLeadJunit"/>
</testsuite> <!-- week3.day1.CreateLeadJunit -->
